DEBUG | 2024-01-06 11:32:46,943 | Got a valid HTTP request
DEBUG | 2024-01-06 11:32:46,943 | url: /
DEBUG | 2024-01-06 11:32:46,944 | b'HTTP/1.1 200 OK\r\nContent-Type: text/html;charset=utf-8\r\nContent-Length: 25592\r\n\r\n'
DEBUG | 2024-01-06 11:32:46,964 | Got a valid HTTP request
DEBUG | 2024-01-06 11:32:46,964 | url: /css/doremon.css
DEBUG | 2024-01-06 11:32:46,966 | b'HTTP/1.1 200 OK\r\nContent-Type: text/css\r\nContent-Length: 3009\r\n\r\n'
DEBUG | 2024-01-06 11:32:46,985 | Got a valid HTTP request
DEBUG | 2024-01-06 11:32:46,985 | url: /js/box.js
DEBUG | 2024-01-06 11:32:46,986 | b'HTTP/1.1 200 OK\r\nContent-Type: text/javascript; charset=UTF-8\r\nContent-Length: 1071\r\n\r\n'
DEBUG | 2024-01-06 11:32:46,998 | Got a valid HTTP request
DEBUG | 2024-01-06 11:32:46,999 | url: /js/submit.js
DEBUG | 2024-01-06 11:32:47,000 | b'HTTP/1.1 200 OK\r\nContent-Type: text/javascript; charset=UTF-8\r\nContent-Length: 5838\r\n\r\n'
DEBUG | 2024-01-06 11:32:49,012 | Got a valid HTTP request
DEBUG | 2024-01-06 11:32:49,012 | url: /imgs/abstract.jpg
DEBUG | 2024-01-06 11:32:49,016 | b'HTTP/1.1 200 OK\r\nContent-Type: image/jpeg\r\nContent-Length: 37193\r\n\r\n'
DEBUG | 2024-01-06 11:32:51,022 | Got a valid HTTP request
DEBUG | 2024-01-06 11:32:51,022 | url: /js/jquery.min.js
DEBUG | 2024-01-06 11:32:51,023 | b'HTTP/1.1 200 OK\r\nContent-Type: text/javascript; charset=UTF-8\r\nContent-Length: 96381\r\n\r\n'
DEBUG | 2024-01-06 11:32:51,048 | Got a valid HTTP request
DEBUG | 2024-01-06 11:32:51,048 | url: /imgs/favicon.ico
DEBUG | 2024-01-06 11:32:51,054 | b'HTTP/1.1 200 OK\r\nContent-Type: image/x-icon\r\nContent-Length: 318\r\n\r\n'
DEBUG | 2024-01-06 11:32:51,747 | Error: Not a valid HTTP request
DEBUG | 2024-01-06 11:33:43,967 | Got a valid HTTP request
DEBUG | 2024-01-06 11:33:43,968 | url: /
DEBUG | 2024-01-06 11:33:43,968 | b'HTTP/1.1 200 OK\r\nContent-Type: text/html;charset=utf-8\r\nContent-Length: 25592\r\n\r\n'
DEBUG | 2024-01-06 11:33:43,978 | Got a valid HTTP request
DEBUG | 2024-01-06 11:33:43,978 | url: /css/doremon.css
DEBUG | 2024-01-06 11:33:43,979 | b'HTTP/1.1 200 OK\r\nContent-Type: text/css\r\nContent-Length: 3009\r\n\r\n'
DEBUG | 2024-01-06 11:33:45,990 | Got a valid HTTP request
DEBUG | 2024-01-06 11:33:45,990 | url: /imgs/abstract.jpg
DEBUG | 2024-01-06 11:33:45,992 | b'HTTP/1.1 200 OK\r\nContent-Type: image/jpeg\r\nContent-Length: 37193\r\n\r\n'
DEBUG | 2024-01-06 11:33:48,002 | Got a valid HTTP request
DEBUG | 2024-01-06 11:33:48,002 | url: /js/jquery.min.js
DEBUG | 2024-01-06 11:33:48,004 | b'HTTP/1.1 200 OK\r\nContent-Type: text/javascript; charset=UTF-8\r\nContent-Length: 96381\r\n\r\n'
DEBUG | 2024-01-06 11:33:50,014 | Got a valid HTTP request
DEBUG | 2024-01-06 11:33:50,015 | url: /js/box.js
DEBUG | 2024-01-06 11:33:50,016 | b'HTTP/1.1 200 OK\r\nContent-Type: text/javascript; charset=UTF-8\r\nContent-Length: 1071\r\n\r\n'
DEBUG | 2024-01-06 11:33:52,029 | Got a valid HTTP request
DEBUG | 2024-01-06 11:33:52,029 | url: /js/submit.js
DEBUG | 2024-01-06 11:33:52,029 | b'HTTP/1.1 200 OK\r\nContent-Type: text/javascript; charset=UTF-8\r\nContent-Length: 5838\r\n\r\n'
DEBUG | 2024-01-06 11:33:52,036 | Got a valid HTTP request
DEBUG | 2024-01-06 11:33:52,036 | url: /imgs/favicon.ico
DEBUG | 2024-01-06 11:33:52,037 | b'HTTP/1.1 200 OK\r\nContent-Type: image/x-icon\r\nContent-Length: 318\r\n\r\n'
DEBUG | 2024-01-06 11:42:33,487 | Got a valid HTTP request
DEBUG | 2024-01-06 11:42:33,488 | url: /
DEBUG | 2024-01-06 11:42:33,488 | b'HTTP/1.1 200 OK\r\nContent-Type: text/html;charset=utf-8\r\nContent-Length: 25592\r\n\r\n'
DEBUG | 2024-01-06 11:42:33,504 | Got a valid HTTP request
DEBUG | 2024-01-06 11:42:33,504 | url: /css/doremon.css
DEBUG | 2024-01-06 11:42:33,504 | b'HTTP/1.1 200 OK\r\nContent-Type: text/css\r\nContent-Length: 3009\r\n\r\n'
DEBUG | 2024-01-06 11:42:35,522 | Got a valid HTTP request
DEBUG | 2024-01-06 11:42:35,523 | url: /imgs/abstract.jpg
DEBUG | 2024-01-06 11:42:35,523 | b'HTTP/1.1 200 OK\r\nContent-Type: image/jpeg\r\nContent-Length: 37193\r\n\r\n'
DEBUG | 2024-01-06 11:42:37,535 | Got a valid HTTP request
DEBUG | 2024-01-06 11:42:37,535 | url: /js/jquery.min.js
DEBUG | 2024-01-06 11:42:37,536 | b'HTTP/1.1 200 OK\r\nContent-Type: text/javascript; charset=UTF-8\r\nContent-Length: 96381\r\n\r\n'
DEBUG | 2024-01-06 11:42:39,558 | Got a valid HTTP request
DEBUG | 2024-01-06 11:42:39,559 | url: /js/box.js
DEBUG | 2024-01-06 11:42:39,560 | b'HTTP/1.1 200 OK\r\nContent-Type: text/javascript; charset=UTF-8\r\nContent-Length: 1071\r\n\r\n'
DEBUG | 2024-01-06 11:42:41,574 | Got a valid HTTP request
DEBUG | 2024-01-06 11:42:41,574 | url: /js/submit.js
DEBUG | 2024-01-06 11:42:41,575 | b'HTTP/1.1 200 OK\r\nContent-Type: text/javascript; charset=UTF-8\r\nContent-Length: 5838\r\n\r\n'
DEBUG | 2024-01-06 11:42:41,595 | Got a valid HTTP request
DEBUG | 2024-01-06 11:42:41,595 | url: /imgs/favicon.ico
DEBUG | 2024-01-06 11:42:41,596 | b'HTTP/1.1 200 OK\r\nContent-Type: image/x-icon\r\nContent-Length: 318\r\n\r\n'
DEBUG | 2024-01-06 15:13:57,838 | Got a valid HTTP request
DEBUG | 2024-01-06 15:13:57,842 | url: /
DEBUG | 2024-01-06 15:13:57,844 | b'HTTP/1.1 200 OK\r\nContent-Type: text/html;charset=utf-8\r\nContent-Length: 25592\r\n\r\n'
DEBUG | 2024-01-06 15:13:57,862 | Got a valid HTTP request
DEBUG | 2024-01-06 15:13:57,863 | url: /css/doremon.css
DEBUG | 2024-01-06 15:13:57,863 | b'HTTP/1.1 200 OK\r\nContent-Type: text/css\r\nContent-Length: 3009\r\n\r\n'
DEBUG | 2024-01-06 15:13:59,880 | Got a valid HTTP request
DEBUG | 2024-01-06 15:13:59,880 | url: /imgs/abstract.jpg
DEBUG | 2024-01-06 15:13:59,883 | b'HTTP/1.1 200 OK\r\nContent-Type: image/jpeg\r\nContent-Length: 37193\r\n\r\n'
DEBUG | 2024-01-06 15:14:01,899 | Got a valid HTTP request
DEBUG | 2024-01-06 15:14:01,899 | url: /js/jquery.min.js
DEBUG | 2024-01-06 15:14:01,901 | b'HTTP/1.1 200 OK\r\nContent-Type: text/javascript; charset=UTF-8\r\nContent-Length: 96381\r\n\r\n'
DEBUG | 2024-01-06 15:14:03,912 | Got a valid HTTP request
DEBUG | 2024-01-06 15:14:03,912 | url: /js/box.js
DEBUG | 2024-01-06 15:14:03,914 | b'HTTP/1.1 200 OK\r\nContent-Type: text/javascript; charset=UTF-8\r\nContent-Length: 1071\r\n\r\n'
DEBUG | 2024-01-06 15:14:05,923 | Got a valid HTTP request
DEBUG | 2024-01-06 15:14:05,923 | url: /js/submit.js
DEBUG | 2024-01-06 15:14:05,925 | b'HTTP/1.1 200 OK\r\nContent-Type: text/javascript; charset=UTF-8\r\nContent-Length: 5838\r\n\r\n'
DEBUG | 2024-01-06 15:14:05,951 | Got a valid HTTP request
DEBUG | 2024-01-06 15:14:05,952 | url: /imgs/favicon.ico
DEBUG | 2024-01-06 15:14:05,952 | b'HTTP/1.1 200 OK\r\nContent-Type: image/x-icon\r\nContent-Length: 318\r\n\r\n'
DEBUG | 2024-01-06 15:19:39,028 | Got a valid HTTP request
DEBUG | 2024-01-06 15:19:39,028 | url: /move
DEBUG | 2024-01-06 15:19:39,028 | b'HTTP/1.1 302 Found\r\nLocation: /\r\n\r\n'
DEBUG | 2024-01-06 15:19:39,029 | Error: Not a valid HTTP request
DEBUG | 2024-01-06 15:19:39,034 | Got a valid HTTP request
DEBUG | 2024-01-06 15:19:39,034 | url: /
DEBUG | 2024-01-06 15:19:39,034 | b'HTTP/1.1 200 OK\r\nContent-Type: text/html;charset=utf-8\r\nContent-Length: 25592\r\n\r\n'
DEBUG | 2024-01-06 15:19:39,059 | Got a valid HTTP request
DEBUG | 2024-01-06 15:19:39,059 | url: /css/doremon.css
DEBUG | 2024-01-06 15:19:39,060 | b'HTTP/1.1 200 OK\r\nContent-Type: text/css\r\nContent-Length: 3009\r\n\r\n'
DEBUG | 2024-01-06 15:19:41,079 | Got a valid HTTP request
DEBUG | 2024-01-06 15:19:41,079 | url: /imgs/abstract.jpg
DEBUG | 2024-01-06 15:19:41,080 | b'HTTP/1.1 200 OK\r\nContent-Type: image/jpeg\r\nContent-Length: 37193\r\n\r\n'
DEBUG | 2024-01-06 15:19:43,102 | Got a valid HTTP request
DEBUG | 2024-01-06 15:19:43,102 | url: /js/jquery.min.js
DEBUG | 2024-01-06 15:19:43,104 | b'HTTP/1.1 200 OK\r\nContent-Type: text/javascript; charset=UTF-8\r\nContent-Length: 96381\r\n\r\n'
DEBUG | 2024-01-06 15:19:45,122 | Got a valid HTTP request
DEBUG | 2024-01-06 15:19:45,122 | url: /js/box.js
DEBUG | 2024-01-06 15:19:45,122 | b'HTTP/1.1 200 OK\r\nContent-Type: text/javascript; charset=UTF-8\r\nContent-Length: 1071\r\n\r\n'
DEBUG | 2024-01-06 15:19:47,135 | Got a valid HTTP request
DEBUG | 2024-01-06 15:19:47,135 | url: /js/submit.js
DEBUG | 2024-01-06 15:19:47,136 | b'HTTP/1.1 200 OK\r\nContent-Type: text/javascript; charset=UTF-8\r\nContent-Length: 5838\r\n\r\n'
DEBUG | 2024-01-06 15:53:16,403 | Got a valid HTTP request
DEBUG | 2024-01-06 15:53:16,404 | url: /
DEBUG | 2024-01-06 15:53:16,408 | b'HTTP/1.1 200 OK\r\nContent-Type: text/html;charset=utf-8\r\nContent-Length: 25592\r\n\r\n'
DEBUG | 2024-01-06 15:53:16,444 | Got a valid HTTP request
DEBUG | 2024-01-06 15:53:16,444 | url: /css/doremon.css
DEBUG | 2024-01-06 15:53:16,503 | b'HTTP/1.1 200 OK\r\nContent-Type: text/css\r\nContent-Length: 3009\r\n\r\n'
DEBUG | 2024-01-06 15:53:16,546 | Got a valid HTTP request
DEBUG | 2024-01-06 15:53:16,546 | url: /js/box.js
DEBUG | 2024-01-06 15:53:16,560 | b'HTTP/1.1 200 OK\r\nContent-Type: text/javascript; charset=UTF-8\r\nContent-Length: 1071\r\n\r\n'
DEBUG | 2024-01-06 15:53:16,626 | Got a valid HTTP request
DEBUG | 2024-01-06 15:53:16,626 | url: /js/submit.js
DEBUG | 2024-01-06 15:53:16,629 | b'HTTP/1.1 200 OK\r\nContent-Type: text/javascript; charset=UTF-8\r\nContent-Length: 5838\r\n\r\n'
DEBUG | 2024-01-06 15:53:18,633 | Got a valid HTTP request
DEBUG | 2024-01-06 15:53:18,633 | url: /imgs/abstract.jpg
DEBUG | 2024-01-06 15:53:18,634 | b'HTTP/1.1 200 OK\r\nContent-Type: image/jpeg\r\nContent-Length: 37193\r\n\r\n'
DEBUG | 2024-01-06 15:53:20,642 | Got a valid HTTP request
DEBUG | 2024-01-06 15:53:20,642 | url: /js/jquery.min.js
DEBUG | 2024-01-06 15:53:20,643 | b'HTTP/1.1 200 OK\r\nContent-Type: text/javascript; charset=UTF-8\r\nContent-Length: 96381\r\n\r\n'
DEBUG | 2024-01-06 15:53:35,120 | Got a valid HTTP request
DEBUG | 2024-01-06 15:53:35,120 | url: /css/doremon.css
DEBUG | 2024-01-06 15:53:35,121 | b'HTTP/1.1 200 OK\r\nContent-Type: text/css\r\nContent-Length: 3009\r\n\r\n'
DEBUG | 2024-01-06 15:53:46,487 | Got a valid HTTP request
DEBUG | 2024-01-06 15:53:46,488 | url: /upload?file-name=liverpool.png
DEBUG | 2024-01-06 15:53:48,511 | Got a valid HTTP request
DEBUG | 2024-01-06 15:53:48,511 | url: /imgs/loading.gif
DEBUG | 2024-01-06 15:53:48,515 | b'HTTP/1.1 200 OK\r\nContent-Type: image/jpeg\r\nContent-Length: 2812\r\n\r\n'
DEBUG | 2024-01-06 15:54:46,295 | Got a valid HTTP request
DEBUG | 2024-01-06 15:54:46,295 | url: /
DEBUG | 2024-01-06 15:54:46,296 | b'HTTP/1.1 200 OK\r\nContent-Type: text/html;charset=utf-8\r\nContent-Length: 25592\r\n\r\n'
DEBUG | 2024-01-06 15:54:46,331 | Got a valid HTTP request
DEBUG | 2024-01-06 15:54:46,331 | url: /css/doremon.css
DEBUG | 2024-01-06 15:54:46,332 | b'HTTP/1.1 200 OK\r\nContent-Type: text/css\r\nContent-Length: 3009\r\n\r\n'
DEBUG | 2024-01-06 15:54:46,341 | Got a valid HTTP request
DEBUG | 2024-01-06 15:54:46,341 | url: /js/box.js
DEBUG | 2024-01-06 15:54:46,341 | b'HTTP/1.1 200 OK\r\nContent-Type: text/javascript; charset=UTF-8\r\nContent-Length: 1071\r\n\r\n'
DEBUG | 2024-01-06 15:54:48,352 | Got a valid HTTP request
DEBUG | 2024-01-06 15:54:48,353 | url: /imgs/abstract.jpg
DEBUG | 2024-01-06 15:54:48,354 | b'HTTP/1.1 200 OK\r\nContent-Type: image/jpeg\r\nContent-Length: 37193\r\n\r\n'
DEBUG | 2024-01-06 15:54:50,368 | Got a valid HTTP request
DEBUG | 2024-01-06 15:54:50,368 | url: /js/jquery.min.js
DEBUG | 2024-01-06 15:54:50,369 | b'HTTP/1.1 200 OK\r\nContent-Type: text/javascript; charset=UTF-8\r\nContent-Length: 96381\r\n\r\n'
DEBUG | 2024-01-06 15:54:51,139 | Error: Not a valid HTTP request
DEBUG | 2024-01-06 15:54:51,147 | Got a valid HTTP request
DEBUG | 2024-01-06 15:54:51,147 | url: /js/submit.js
DEBUG | 2024-01-06 15:54:51,148 | b'HTTP/1.1 200 OK\r\nContent-Type: text/javascript; charset=UTF-8\r\nContent-Length: 5838\r\n\r\n'
DEBUG | 2024-01-06 15:55:10,868 | Got a valid HTTP request
DEBUG | 2024-01-06 15:55:10,869 | url: /css/doremon.css
DEBUG | 2024-01-06 15:55:10,869 | b'HTTP/1.1 200 OK\r\nContent-Type: text/css\r\nContent-Length: 3009\r\n\r\n'
DEBUG | 2024-01-06 15:55:11,183 | Error: Not a valid HTTP request
DEBUG | 2024-01-06 15:55:27,623 | Got a valid HTTP request
DEBUG | 2024-01-06 15:55:27,623 | url: /calculate-next?num=45
DEBUG | 2024-01-06 15:55:27,623 | b'HTTP/1.1 200 OK\r\nContent-Type: text/plain\r\nContent-Length: 2\r\n\r\n'
DEBUG | 2024-01-06 15:55:29,627 | Got a valid HTTP request
DEBUG | 2024-01-06 15:55:29,627 | url: /imgs/loading.gif
DEBUG | 2024-01-06 15:55:29,627 | b'HTTP/1.1 200 OK\r\nContent-Type: image/jpeg\r\nContent-Length: 2812\r\n\r\n'
DEBUG | 2024-01-06 15:55:50,367 | Got a valid HTTP request
DEBUG | 2024-01-06 15:55:50,367 | url: /calculate-area?height=4&width=3
DEBUG | 2024-01-06 15:55:50,367 | b'HTTP/1.1 200 OK\r\nContent-Type: text/plain\r\nContent-Length: 3\r\n\r\n'
DEBUG | 2024-01-06 15:56:08,739 | Got a valid HTTP request
DEBUG | 2024-01-06 15:56:08,739 | url: /upload?file-name=liv.jpg
DEBUG | 2024-01-06 15:56:25,459 | Got a valid HTTP request
DEBUG | 2024-01-06 15:56:25,459 | url: /
DEBUG | 2024-01-06 15:56:25,459 | b'HTTP/1.1 200 OK\r\nContent-Type: text/html;charset=utf-8\r\nContent-Length: 25592\r\n\r\n'
DEBUG | 2024-01-06 15:56:25,471 | Got a valid HTTP request
DEBUG | 2024-01-06 15:56:25,471 | url: /css/doremon.css
DEBUG | 2024-01-06 15:56:25,472 | b'HTTP/1.1 200 OK\r\nContent-Type: text/css\r\nContent-Length: 3009\r\n\r\n'
DEBUG | 2024-01-06 15:56:25,480 | Got a valid HTTP request
DEBUG | 2024-01-06 15:56:25,480 | url: /js/box.js
DEBUG | 2024-01-06 15:56:25,480 | b'HTTP/1.1 200 OK\r\nContent-Type: text/javascript; charset=UTF-8\r\nContent-Length: 1071\r\n\r\n'
DEBUG | 2024-01-06 15:56:25,486 | Got a valid HTTP request
DEBUG | 2024-01-06 15:56:25,486 | url: /js/submit.js
DEBUG | 2024-01-06 15:56:25,487 | b'HTTP/1.1 200 OK\r\nContent-Type: text/javascript; charset=UTF-8\r\nContent-Length: 5838\r\n\r\n'
DEBUG | 2024-01-06 15:56:27,515 | Got a valid HTTP request
DEBUG | 2024-01-06 15:56:27,516 | url: /imgs/abstract.jpg
DEBUG | 2024-01-06 15:56:27,518 | b'HTTP/1.1 200 OK\r\nContent-Type: image/jpeg\r\nContent-Length: 37193\r\n\r\n'
DEBUG | 2024-01-06 15:56:29,533 | Got a valid HTTP request
DEBUG | 2024-01-06 15:56:29,533 | url: /js/jquery.min.js
DEBUG | 2024-01-06 15:56:29,534 | b'HTTP/1.1 200 OK\r\nContent-Type: text/javascript; charset=UTF-8\r\nContent-Length: 96381\r\n\r\n'
DEBUG | 2024-01-06 15:56:35,472 | Got a valid HTTP request
DEBUG | 2024-01-06 15:56:35,473 | url: /css/doremon.css
DEBUG | 2024-01-06 15:56:35,473 | b'HTTP/1.1 200 OK\r\nContent-Type: text/css\r\nContent-Length: 3009\r\n\r\n'
DEBUG | 2024-01-06 15:57:42,090 | Got a valid HTTP request
DEBUG | 2024-01-06 15:57:42,090 | url: /
DEBUG | 2024-01-06 15:57:42,091 | b'HTTP/1.1 200 OK\r\nContent-Type: text/html;charset=utf-8\r\nContent-Length: 25592\r\n\r\n'
DEBUG | 2024-01-06 15:57:42,120 | Got a valid HTTP request
DEBUG | 2024-01-06 15:57:42,120 | url: /css/doremon.css
DEBUG | 2024-01-06 15:57:42,121 | b'HTTP/1.1 200 OK\r\nContent-Type: text/css\r\nContent-Length: 3009\r\n\r\n'
DEBUG | 2024-01-06 15:57:42,133 | Got a valid HTTP request
DEBUG | 2024-01-06 15:57:42,134 | url: /js/box.js
DEBUG | 2024-01-06 15:57:42,134 | b'HTTP/1.1 200 OK\r\nContent-Type: text/javascript; charset=UTF-8\r\nContent-Length: 1071\r\n\r\n'
DEBUG | 2024-01-06 15:57:42,141 | Got a valid HTTP request
DEBUG | 2024-01-06 15:57:42,141 | url: /js/submit.js
DEBUG | 2024-01-06 15:57:42,142 | b'HTTP/1.1 200 OK\r\nContent-Type: text/javascript; charset=UTF-8\r\nContent-Length: 5838\r\n\r\n'
DEBUG | 2024-01-06 15:57:44,147 | Got a valid HTTP request
DEBUG | 2024-01-06 15:57:44,148 | url: /imgs/abstract.jpg
DEBUG | 2024-01-06 15:57:44,149 | b'HTTP/1.1 200 OK\r\nContent-Type: image/jpeg\r\nContent-Length: 37193\r\n\r\n'
DEBUG | 2024-01-06 15:57:46,171 | Got a valid HTTP request
DEBUG | 2024-01-06 15:57:46,171 | url: /js/jquery.min.js
DEBUG | 2024-01-06 15:57:46,173 | b'HTTP/1.1 200 OK\r\nContent-Type: text/javascript; charset=UTF-8\r\nContent-Length: 96381\r\n\r\n'
DEBUG | 2024-01-06 15:58:25,301 | Got a valid HTTP request
DEBUG | 2024-01-06 15:58:25,301 | url: /image?image-name=liv.jpg
DEBUG | 2024-01-06 15:58:25,302 | b'HTTP/1.1 404 Not Found\r\n'
DEBUG | 2024-01-06 15:58:27,328 | Got a valid HTTP request
DEBUG | 2024-01-06 15:58:27,328 | url: /imgs/loading.gif
DEBUG | 2024-01-06 15:58:27,333 | b'HTTP/1.1 200 OK\r\nContent-Type: image/jpeg\r\nContent-Length: 2812\r\n\r\n'
DEBUG | 2024-01-06 16:09:51,156 | Got a valid HTTP request
DEBUG | 2024-01-06 16:09:51,156 | url: /image?image-name=liv.jpg
DEBUG | 2024-01-06 16:09:51,164 | b'HTTP/1.1 200 OK\r\nContent-Type: jpg\r\nContent-Length: 12045\r\n\r\n'
DEBUG | 2024-01-06 16:09:52,196 | Got a valid HTTP request
DEBUG | 2024-01-06 16:09:52,196 | url: /image?image-name=liv.jpg
DEBUG | 2024-01-06 16:09:52,197 | b'HTTP/1.1 200 OK\r\nContent-Type: jpg\r\nContent-Length: 12045\r\n\r\n'
DEBUG | 2024-01-06 16:17:51,214 | Got a valid HTTP request
DEBUG | 2024-01-06 16:17:51,214 | url: /image?image-name=lihv.jpg
DEBUG | 2024-01-06 16:18:19,201 | Got a valid HTTP request
DEBUG | 2024-01-06 16:18:19,201 | url: /calculate-next?num=34
DEBUG | 2024-01-06 16:18:19,201 | b'HTTP/1.1 200 OK\r\nContent-Type: text/plain\r\nContent-Length: 2\r\n\r\n'
DEBUG | 2024-01-06 16:18:31,538 | Got a valid HTTP request
DEBUG | 2024-01-06 16:18:31,538 | url: /calculate-area?height=4&width=5
DEBUG | 2024-01-06 16:18:31,539 | b'HTTP/1.1 200 OK\r\nContent-Type: text/plain\r\nContent-Length: 4\r\n\r\n'
DEBUG | 2024-01-06 16:18:50,203 | Got a valid HTTP request
DEBUG | 2024-01-06 16:18:50,203 | url: /upload?file-name=vlcsnap-2021-07-20-11h15m52s434.png
DEBUG | 2024-01-06 16:19:28,212 | Got a valid HTTP request
DEBUG | 2024-01-06 16:19:28,212 | url: /upload?file-name=%D7%AA%D7%9E%D7%95%D7%A0%D7%941.png
DEBUG | 2024-01-06 16:20:08,955 | Got a valid HTTP request
DEBUG | 2024-01-06 16:20:08,955 | url: /upload?file-name=1.png
DEBUG | 2024-01-06 16:20:34,235 | Got a valid HTTP request
DEBUG | 2024-01-06 16:20:34,235 | url: /image?image-name=1.png
DEBUG | 2024-01-06 16:20:34,236 | b'HTTP/1.1 200 OK\r\nContent-Type: png\r\nContent-Length: 177777\r\n\r\n'
DEBUG | 2024-01-06 16:20:35,261 | Got a valid HTTP request
DEBUG | 2024-01-06 16:20:35,262 | url: /image?image-name=1.png
DEBUG | 2024-01-06 16:20:35,265 | b'HTTP/1.1 200 OK\r\nContent-Type: png\r\nContent-Length: 177777\r\n\r\n'
DEBUG | 2024-01-06 16:27:07,263 | Got a valid HTTP request
DEBUG | 2024-01-06 16:27:07,263 | url: /upload?file-name=liverpool.png
DEBUG | 2024-01-06 16:27:36,805 | Got a valid HTTP request
DEBUG | 2024-01-06 16:27:36,805 | url: /image?image-name=liverpool.png
DEBUG | 2024-01-06 16:27:36,813 | b'HTTP/1.1 200 OK\r\nContent-Type: png\r\nContent-Length: 13586\r\n\r\n'
DEBUG | 2024-01-06 16:27:37,832 | Got a valid HTTP request
DEBUG | 2024-01-06 16:27:37,832 | url: /image?image-name=liverpool.png
DEBUG | 2024-01-06 16:27:37,834 | b'HTTP/1.1 200 OK\r\nContent-Type: png\r\nContent-Length: 13586\r\n\r\n'
DEBUG | 2024-01-06 17:02:59,494 | Got a valid HTTP request
DEBUG | 2024-01-06 17:02:59,495 | url: /
DEBUG | 2024-01-06 17:02:59,497 | b'HTTP/1.1 200 OK\r\nContent-Type: text/html;charset=utf-8\r\nContent-Length: 25592\r\n\r\n'
